<?xml version="1.0" encoding="UTF-8"?>
<!-- Generated by org.testng.reporters.JUnitReportReporter -->
<testsuite hostname="DESKTOP-QUJ7AGN" failures="0" tests="1" name="runner_GG.Testing" time="6.598" errors="0" timestamp="2021-08-19T20:18:21 CDT" skipped="0">
  <testcase classname="runner_GG.Testing" name="runScenario" time="6.598"/>
  <system-out/>
</testsuite> <!-- runner_GG.Testing -->
